
*** Running vivado
    with args -log PWM.vds -m64 -product Vivado -mode batch -messageDb vivado.pb -notrace -source PWM.tcl



****** Vivado v2020.2 (64-bit)
  **** SW Build 3064766 on Wed Nov 18 09:12:45 MST 2020
  **** IP Build 3064653 on Wed Nov 18 14:17:31 MST 2020
    ** Copyright 1986-2020 Xilinx, Inc. All Rights Reserved.

source PWM.tcl -notrace
INFO: [IP_Flow 19-234] Refreshing IP repositories
INFO: [IP_Flow 19-1700] Loaded user IP repository 'c:/users/esthe/sin_pwm_minized'.
INFO: [IP_Flow 19-2313] Loaded Vivado IP repository 'C:/Xilinx/Vivado/2020.2/data/ip'.
Command: synth_design -top PWM -part xc7a35tcpg236-2
Starting synth_design
Attempting to get a license for feature 'Synthesis' and/or device 'xc7a35t'
INFO: [Common 17-349] Got license for feature 'Synthesis' and/or device 'xc7a35t'
INFO: [Device 21-403] Loading part xc7a35tcpg236-2
INFO: [Synth 8-7079] Multithreading enabled for synth_design using a maximum of 2 processes.
INFO: [Synth 8-7078] Launching helper process for spawning children vivado processes
INFO: [Synth 8-7075] Helper process launched with PID 31664
---------------------------------------------------------------------------------
Starting RTL Elaboration : Time (s): cpu = 00:00:03 ; elapsed = 00:00:03 . Memory (MB): peak = 1146.703 ; gain = 2.230
---------------------------------------------------------------------------------
INFO: [Synth 8-6157] synthesizing module 'PWM' [C:/Users/esthe/Sin_PWM_MiniZed/Sin_PWM_MiniZed.srcs/sources_1/new/PWM.v:3]
	Parameter OCRA bound to: 1001 - type: integer 
	Parameter OCRB bound to: 100 - type: integer 
INFO: [Synth 8-6157] synthesizing module 'DutyCycle' [C:/Users/esthe/Sin_PWM_MiniZed/Sin_PWM_MiniZed.srcs/sources_1/new/SinLUT.v:3]
INFO: [Synth 8-3876] $readmem data file 'sinLut.mem' is read successfully [C:/Users/esthe/Sin_PWM_MiniZed/Sin_PWM_MiniZed.srcs/sources_1/new/SinLUT.v:16]
INFO: [Synth 8-6155] done synthesizing module 'DutyCycle' (1#1) [C:/Users/esthe/Sin_PWM_MiniZed/Sin_PWM_MiniZed.srcs/sources_1/new/SinLUT.v:3]
INFO: [Synth 8-6155] done synthesizing module 'PWM' (2#1) [C:/Users/esthe/Sin_PWM_MiniZed/Sin_PWM_MiniZed.srcs/sources_1/new/PWM.v:3]
---------------------------------------------------------------------------------
Finished RTL Elaboration : Time (s): cpu = 00:00:03 ; elapsed = 00:00:03 . Memory (MB): peak = 1199.605 ; gain = 55.133
---------------------------------------------------------------------------------
---------------------------------------------------------------------------------
Start Handling Custom Attributes
---------------------------------------------------------------------------------
---------------------------------------------------------------------------------
Finished Handling Custom Attributes : Time (s): cpu = 00:00:04 ; elapsed = 00:00:04 . Memory (MB): peak = 1199.605 ; gain = 55.133
---------------------------------------------------------------------------------
---------------------------------------------------------------------------------
Finished RTL Optimization Phase 1 : Time (s): cpu = 00:00:04 ; elapsed = 00:00:04 . Memory (MB): peak = 1199.605 ; gain = 55.133
---------------------------------------------------------------------------------
Netlist sorting complete. Time (s): cpu = 00:00:00 ; elapsed = 00:00:00.003 . Memory (MB): peak = 1199.605 ; gain = 0.000
INFO: [Project 1-570] Preparing netlist for logic optimization

Processing XDC Constraints
Initializing timing engine
Parsing XDC File [C:/Users/esthe/Sin_PWM_MiniZed/Sin_PWM_MiniZed.srcs/constrs_1/new/clock.xdc]
CRITICAL WARNING: [Common 17-163] Missing value for option 'objects', please type 'set_property -help' for usage info. [C:/Users/esthe/Sin_PWM_MiniZed/Sin_PWM_MiniZed.srcs/constrs_1/new/clock.xdc:6]
WARNING: [Vivado 12-584] No ports matched 'system_reset_sw'. [C:/Users/esthe/Sin_PWM_MiniZed/Sin_PWM_MiniZed.srcs/constrs_1/new/clock.xdc:51]
CRITICAL WARNING: [Common 17-55] 'set_property' expects at least one object. [C:/Users/esthe/Sin_PWM_MiniZed/Sin_PWM_MiniZed.srcs/constrs_1/new/clock.xdc:51]
Resolution: If [get_<value>] was used to populate the object, check to make sure this command returns at least one valid object.
WARNING: [Vivado 12-584] No ports matched 'system_reset_sw'. [C:/Users/esthe/Sin_PWM_MiniZed/Sin_PWM_MiniZed.srcs/constrs_1/new/clock.xdc:52]
CRITICAL WARNING: [Common 17-55] 'set_property' expects at least one object. [C:/Users/esthe/Sin_PWM_MiniZed/Sin_PWM_MiniZed.srcs/constrs_1/new/clock.xdc:52]
Resolution: If [get_<value>] was used to populate the object, check to make sure this command returns at least one valid object.
WARNING: [Vivado 12-584] No ports matched 'led[0]'. [C:/Users/esthe/Sin_PWM_MiniZed/Sin_PWM_MiniZed.srcs/constrs_1/new/clock.xdc:56]
CRITICAL WARNING: [Common 17-55] 'set_property' expects at least one object. [C:/Users/esthe/Sin_PWM_MiniZed/Sin_PWM_MiniZed.srcs/constrs_1/new/clock.xdc:56]
Resolution: If [get_<value>] was used to populate the object, check to make sure this command returns at least one valid object.
WARNING: [Vivado 12-584] No ports matched 'led[0]'. [C:/Users/esthe/Sin_PWM_MiniZed/Sin_PWM_MiniZed.srcs/constrs_1/new/clock.xdc:57]
CRITICAL WARNING: [Common 17-55] 'set_property' expects at least one object. [C:/Users/esthe/Sin_PWM_MiniZed/Sin_PWM_MiniZed.srcs/constrs_1/new/clock.xdc:57]
Resolution: If [get_<value>] was used to populate the object, check to make sure this command returns at least one valid object.
WARNING: [Vivado 12-584] No ports matched 'led[1]'. [C:/Users/esthe/Sin_PWM_MiniZed/Sin_PWM_MiniZed.srcs/constrs_1/new/clock.xdc:58]
CRITICAL WARNING: [Common 17-55] 'set_property' expects at least one object. [C:/Users/esthe/Sin_PWM_MiniZed/Sin_PWM_MiniZed.srcs/constrs_1/new/clock.xdc:58]
Resolution: If [get_<value>] was used to populate the object, check to make sure this command returns at least one valid object.
WARNING: [Vivado 12-584] No ports matched 'led[1]'. [C:/Users/esthe/Sin_PWM_MiniZed/Sin_PWM_MiniZed.srcs/constrs_1/new/clock.xdc:59]
CRITICAL WARNING: [Common 17-55] 'set_property' expects at least one object. [C:/Users/esthe/Sin_PWM_MiniZed/Sin_PWM_MiniZed.srcs/constrs_1/new/clock.xdc:59]
Resolution: If [get_<value>] was used to populate the object, check to make sure this command returns at least one valid object.
WARNING: [Vivado 12-584] No ports matched 'led[2]'. [C:/Users/esthe/Sin_PWM_MiniZed/Sin_PWM_MiniZed.srcs/constrs_1/new/clock.xdc:60]
CRITICAL WARNING: [Common 17-55] 'set_property' expects at least one object. [C:/Users/esthe/Sin_PWM_MiniZed/Sin_PWM_MiniZed.srcs/constrs_1/new/clock.xdc:60]
Resolution: If [get_<value>] was used to populate the object, check to make sure this command returns at least one valid object.
WARNING: [Vivado 12-584] No ports matched 'led[2]'. [C:/Users/esthe/Sin_PWM_MiniZed/Sin_PWM_MiniZed.srcs/constrs_1/new/clock.xdc:61]
CRITICAL WARNING: [Common 17-55] 'set_property' expects at least one object. [C:/Users/esthe/Sin_PWM_MiniZed/Sin_PWM_MiniZed.srcs/constrs_1/new/clock.xdc:61]
Resolution: If [get_<value>] was used to populate the object, check to make sure this command returns at least one valid object.
WARNING: [Vivado 12-584] No ports matched 'led[3]'. [C:/Users/esthe/Sin_PWM_MiniZed/Sin_PWM_MiniZed.srcs/constrs_1/new/clock.xdc:62]
CRITICAL WARNING: [Common 17-55] 'set_property' expects at least one object. [C:/Users/esthe/Sin_PWM_MiniZed/Sin_PWM_MiniZed.srcs/constrs_1/new/clock.xdc:62]
Resolution: If [get_<value>] was used to populate the object, check to make sure this command returns at least one valid object.
WARNING: [Vivado 12-584] No ports matched 'led[3]'. [C:/Users/esthe/Sin_PWM_MiniZed/Sin_PWM_MiniZed.srcs/constrs_1/new/clock.xdc:63]
CRITICAL WARNING: [Common 17-55] 'set_property' expects at least one object. [C:/Users/esthe/Sin_PWM_MiniZed/Sin_PWM_MiniZed.srcs/constrs_1/new/clock.xdc:63]
Resolution: If [get_<value>] was used to populate the object, check to make sure this command returns at least one valid object.
WARNING: [Vivado 12-584] No ports matched 'led[4]'. [C:/Users/esthe/Sin_PWM_MiniZed/Sin_PWM_MiniZed.srcs/constrs_1/new/clock.xdc:64]
CRITICAL WARNING: [Common 17-55] 'set_property' expects at least one object. [C:/Users/esthe/Sin_PWM_MiniZed/Sin_PWM_MiniZed.srcs/constrs_1/new/clock.xdc:64]
Resolution: If [get_<value>] was used to populate the object, check to make sure this command returns at least one valid object.
WARNING: [Vivado 12-584] No ports matched 'led[4]'. [C:/Users/esthe/Sin_PWM_MiniZed/Sin_PWM_MiniZed.srcs/constrs_1/new/clock.xdc:65]
CRITICAL WARNING: [Common 17-55] 'set_property' expects at least one object. [C:/Users/esthe/Sin_PWM_MiniZed/Sin_PWM_MiniZed.srcs/constrs_1/new/clock.xdc:65]
Resolution: If [get_<value>] was used to populate the object, check to make sure this command returns at least one valid object.
WARNING: [Vivado 12-584] No ports matched 'led[5]'. [C:/Users/esthe/Sin_PWM_MiniZed/Sin_PWM_MiniZed.srcs/constrs_1/new/clock.xdc:66]
CRITICAL WARNING: [Common 17-55] 'set_property' expects at least one object. [C:/Users/esthe/Sin_PWM_MiniZed/Sin_PWM_MiniZed.srcs/constrs_1/new/clock.xdc:66]
Resolution: If [get_<value>] was used to populate the object, check to make sure this command returns at least one valid object.
WARNING: [Vivado 12-584] No ports matched 'led[5]'. [C:/Users/esthe/Sin_PWM_MiniZed/Sin_PWM_MiniZed.srcs/constrs_1/new/clock.xdc:67]
CRITICAL WARNING: [Common 17-55] 'set_property' expects at least one object. [C:/Users/esthe/Sin_PWM_MiniZed/Sin_PWM_MiniZed.srcs/constrs_1/new/clock.xdc:67]
Resolution: If [get_<value>] was used to populate the object, check to make sure this command returns at least one valid object.
WARNING: [Vivado 12-584] No ports matched 'led[6]'. [C:/Users/esthe/Sin_PWM_MiniZed/Sin_PWM_MiniZed.srcs/constrs_1/new/clock.xdc:68]
CRITICAL WARNING: [Common 17-55] 'set_property' expects at least one object. [C:/Users/esthe/Sin_PWM_MiniZed/Sin_PWM_MiniZed.srcs/constrs_1/new/clock.xdc:68]
Resolution: If [get_<value>] was used to populate the object, check to make sure this command returns at least one valid object.
WARNING: [Vivado 12-584] No ports matched 'led[6]'. [C:/Users/esthe/Sin_PWM_MiniZed/Sin_PWM_MiniZed.srcs/constrs_1/new/clock.xdc:69]
CRITICAL WARNING: [Common 17-55] 'set_property' expects at least one object. [C:/Users/esthe/Sin_PWM_MiniZed/Sin_PWM_MiniZed.srcs/constrs_1/new/clock.xdc:69]
Resolution: If [get_<value>] was used to populate the object, check to make sure this command returns at least one valid object.
WARNING: [Vivado 12-584] No ports matched 'led[7]'. [C:/Users/esthe/Sin_PWM_MiniZed/Sin_PWM_MiniZed.srcs/constrs_1/new/clock.xdc:70]
CRITICAL WARNING: [Common 17-55] 'set_property' expects at least one object. [C:/Users/esthe/Sin_PWM_MiniZed/Sin_PWM_MiniZed.srcs/constrs_1/new/clock.xdc:70]
Resolution: If [get_<value>] was used to populate the object, check to make sure this command returns at least one valid object.
WARNING: [Vivado 12-584] No ports matched 'led[7]'. [C:/Users/esthe/Sin_PWM_MiniZed/Sin_PWM_MiniZed.srcs/constrs_1/new/clock.xdc:71]
CRITICAL WARNING: [Common 17-55] 'set_property' expects at least one object. [C:/Users/esthe/Sin_PWM_MiniZed/Sin_PWM_MiniZed.srcs/constrs_1/new/clock.xdc:71]
Resolution: If [get_<value>] was used to populate the object, check to make sure this command returns at least one valid object.
WARNING: [Vivado 12-584] No ports matched 'led[8]'. [C:/Users/esthe/Sin_PWM_MiniZed/Sin_PWM_MiniZed.srcs/constrs_1/new/clock.xdc:72]
CRITICAL WARNING: [Common 17-55] 'set_property' expects at least one object. [C:/Users/esthe/Sin_PWM_MiniZed/Sin_PWM_MiniZed.srcs/constrs_1/new/clock.xdc:72]
Resolution: If [get_<value>] was used to populate the object, check to make sure this command returns at least one valid object.
WARNING: [Vivado 12-584] No ports matched 'led[8]'. [C:/Users/esthe/Sin_PWM_MiniZed/Sin_PWM_MiniZed.srcs/constrs_1/new/clock.xdc:73]
CRITICAL WARNING: [Common 17-55] 'set_property' expects at least one object. [C:/Users/esthe/Sin_PWM_MiniZed/Sin_PWM_MiniZed.srcs/constrs_1/new/clock.xdc:73]
Resolution: If [get_<value>] was used to populate the object, check to make sure this command returns at least one valid object.
WARNING: [Vivado 12-584] No ports matched 'led[9]'. [C:/Users/esthe/Sin_PWM_MiniZed/Sin_PWM_MiniZed.srcs/constrs_1/new/clock.xdc:74]
CRITICAL WARNING: [Common 17-55] 'set_property' expects at least one object. [C:/Users/esthe/Sin_PWM_MiniZed/Sin_PWM_MiniZed.srcs/constrs_1/new/clock.xdc:74]
Resolution: If [get_<value>] was used to populate the object, check to make sure this command returns at least one valid object.
WARNING: [Vivado 12-584] No ports matched 'led[9]'. [C:/Users/esthe/Sin_PWM_MiniZed/Sin_PWM_MiniZed.srcs/constrs_1/new/clock.xdc:75]
CRITICAL WARNING: [Common 17-55] 'set_property' expects at least one object. [C:/Users/esthe/Sin_PWM_MiniZed/Sin_PWM_MiniZed.srcs/constrs_1/new/clock.xdc:75]
Resolution: If [get_<value>] was used to populate the object, check to make sure this command returns at least one valid object.
WARNING: [Vivado 12-584] No ports matched 'led[10]'. [C:/Users/esthe/Sin_PWM_MiniZed/Sin_PWM_MiniZed.srcs/constrs_1/new/clock.xdc:76]
CRITICAL WARNING: [Common 17-55] 'set_property' expects at least one object. [C:/Users/esthe/Sin_PWM_MiniZed/Sin_PWM_MiniZed.srcs/constrs_1/new/clock.xdc:76]
Resolution: If [get_<value>] was used to populate the object, check to make sure this command returns at least one valid object.
WARNING: [Vivado 12-584] No ports matched 'led[10]'. [C:/Users/esthe/Sin_PWM_MiniZed/Sin_PWM_MiniZed.srcs/constrs_1/new/clock.xdc:77]
CRITICAL WARNING: [Common 17-55] 'set_property' expects at least one object. [C:/Users/esthe/Sin_PWM_MiniZed/Sin_PWM_MiniZed.srcs/constrs_1/new/clock.xdc:77]
Resolution: If [get_<value>] was used to populate the object, check to make sure this command returns at least one valid object.
WARNING: [Vivado 12-584] No ports matched 'led[11]'. [C:/Users/esthe/Sin_PWM_MiniZed/Sin_PWM_MiniZed.srcs/constrs_1/new/clock.xdc:78]
CRITICAL WARNING: [Common 17-55] 'set_property' expects at least one object. [C:/Users/esthe/Sin_PWM_MiniZed/Sin_PWM_MiniZed.srcs/constrs_1/new/clock.xdc:78]
Resolution: If [get_<value>] was used to populate the object, check to make sure this command returns at least one valid object.
WARNING: [Vivado 12-584] No ports matched 'led[11]'. [C:/Users/esthe/Sin_PWM_MiniZed/Sin_PWM_MiniZed.srcs/constrs_1/new/clock.xdc:79]
CRITICAL WARNING: [Common 17-55] 'set_property' expects at least one object. [C:/Users/esthe/Sin_PWM_MiniZed/Sin_PWM_MiniZed.srcs/constrs_1/new/clock.xdc:79]
Resolution: If [get_<value>] was used to populate the object, check to make sure this command returns at least one valid object.
WARNING: [Vivado 12-584] No ports matched 'led[12]'. [C:/Users/esthe/Sin_PWM_MiniZed/Sin_PWM_MiniZed.srcs/constrs_1/new/clock.xdc:80]
CRITICAL WARNING: [Common 17-55] 'set_property' expects at least one object. [C:/Users/esthe/Sin_PWM_MiniZed/Sin_PWM_MiniZed.srcs/constrs_1/new/clock.xdc:80]
Resolution: If [get_<value>] was used to populate the object, check to make sure this command returns at least one valid object.
WARNING: [Vivado 12-584] No ports matched 'led[12]'. [C:/Users/esthe/Sin_PWM_MiniZed/Sin_PWM_MiniZed.srcs/constrs_1/new/clock.xdc:81]
CRITICAL WARNING: [Common 17-55] 'set_property' expects at least one object. [C:/Users/esthe/Sin_PWM_MiniZed/Sin_PWM_MiniZed.srcs/constrs_1/new/clock.xdc:81]
Resolution: If [get_<value>] was used to populate the object, check to make sure this command returns at least one valid object.
WARNING: [Vivado 12-584] No ports matched 'led[13]'. [C:/Users/esthe/Sin_PWM_MiniZed/Sin_PWM_MiniZed.srcs/constrs_1/new/clock.xdc:82]
CRITICAL WARNING: [Common 17-55] 'set_property' expects at least one object. [C:/Users/esthe/Sin_PWM_MiniZed/Sin_PWM_MiniZed.srcs/constrs_1/new/clock.xdc:82]
Resolution: If [get_<value>] was used to populate the object, check to make sure this command returns at least one valid object.
WARNING: [Vivado 12-584] No ports matched 'led[13]'. [C:/Users/esthe/Sin_PWM_MiniZed/Sin_PWM_MiniZed.srcs/constrs_1/new/clock.xdc:83]
CRITICAL WARNING: [Common 17-55] 'set_property' expects at least one object. [C:/Users/esthe/Sin_PWM_MiniZed/Sin_PWM_MiniZed.srcs/constrs_1/new/clock.xdc:83]
Resolution: If [get_<value>] was used to populate the object, check to make sure this command returns at least one valid object.
WARNING: [Vivado 12-584] No ports matched 'led[14]'. [C:/Users/esthe/Sin_PWM_MiniZed/Sin_PWM_MiniZed.srcs/constrs_1/new/clock.xdc:84]
CRITICAL WARNING: [Common 17-55] 'set_property' expects at least one object. [C:/Users/esthe/Sin_PWM_MiniZed/Sin_PWM_MiniZed.srcs/constrs_1/new/clock.xdc:84]
Resolution: If [get_<value>] was used to populate the object, check to make sure this command returns at least one valid object.
WARNING: [Vivado 12-584] No ports matched 'led[14]'. [C:/Users/esthe/Sin_PWM_MiniZed/Sin_PWM_MiniZed.srcs/constrs_1/new/clock.xdc:85]
CRITICAL WARNING: [Common 17-55] 'set_property' expects at least one object. [C:/Users/esthe/Sin_PWM_MiniZed/Sin_PWM_MiniZed.srcs/constrs_1/new/clock.xdc:85]
Resolution: If [get_<value>] was used to populate the object, check to make sure this command returns at least one valid object.
WARNING: [Vivado 12-584] No ports matched 'led[15]'. [C:/Users/esthe/Sin_PWM_MiniZed/Sin_PWM_MiniZed.srcs/constrs_1/new/clock.xdc:86]
CRITICAL WARNING: [Common 17-55] 'set_property' expects at least one object. [C:/Users/esthe/Sin_PWM_MiniZed/Sin_PWM_MiniZed.srcs/constrs_1/new/clock.xdc:86]
Resolution: If [get_<value>] was used to populate the object, check to make sure this command returns at least one valid object.
WARNING: [Vivado 12-584] No ports matched 'led[15]'. [C:/Users/esthe/Sin_PWM_MiniZed/Sin_PWM_MiniZed.srcs/constrs_1/new/clock.xdc:87]
CRITICAL WARNING: [Common 17-55] 'set_property' expects at least one object. [C:/Users/esthe/Sin_PWM_MiniZed/Sin_PWM_MiniZed.srcs/constrs_1/new/clock.xdc:87]
Resolution: If [get_<value>] was used to populate the object, check to make sure this command returns at least one valid object.
WARNING: [Vivado 12-584] No ports matched 'seg[0]'. [C:/Users/esthe/Sin_PWM_MiniZed/Sin_PWM_MiniZed.srcs/constrs_1/new/clock.xdc:91]
CRITICAL WARNING: [Common 17-55] 'set_property' expects at least one object. [C:/Users/esthe/Sin_PWM_MiniZed/Sin_PWM_MiniZed.srcs/constrs_1/new/clock.xdc:91]
Resolution: If [get_<value>] was used to populate the object, check to make sure this command returns at least one valid object.
WARNING: [Vivado 12-584] No ports matched 'seg[0]'. [C:/Users/esthe/Sin_PWM_MiniZed/Sin_PWM_MiniZed.srcs/constrs_1/new/clock.xdc:92]
CRITICAL WARNING: [Common 17-55] 'set_property' expects at least one object. [C:/Users/esthe/Sin_PWM_MiniZed/Sin_PWM_MiniZed.srcs/constrs_1/new/clock.xdc:92]
Resolution: If [get_<value>] was used to populate the object, check to make sure this command returns at least one valid object.
WARNING: [Vivado 12-584] No ports matched 'seg[1]'. [C:/Users/esthe/Sin_PWM_MiniZed/Sin_PWM_MiniZed.srcs/constrs_1/new/clock.xdc:93]
CRITICAL WARNING: [Common 17-55] 'set_property' expects at least one object. [C:/Users/esthe/Sin_PWM_MiniZed/Sin_PWM_MiniZed.srcs/constrs_1/new/clock.xdc:93]
Resolution: If [get_<value>] was used to populate the object, check to make sure this command returns at least one valid object.
WARNING: [Vivado 12-584] No ports matched 'seg[1]'. [C:/Users/esthe/Sin_PWM_MiniZed/Sin_PWM_MiniZed.srcs/constrs_1/new/clock.xdc:94]
CRITICAL WARNING: [Common 17-55] 'set_property' expects at least one object. [C:/Users/esthe/Sin_PWM_MiniZed/Sin_PWM_MiniZed.srcs/constrs_1/new/clock.xdc:94]
Resolution: If [get_<value>] was used to populate the object, check to make sure this command returns at least one valid object.
WARNING: [Vivado 12-584] No ports matched 'seg[2]'. [C:/Users/esthe/Sin_PWM_MiniZed/Sin_PWM_MiniZed.srcs/constrs_1/new/clock.xdc:95]
CRITICAL WARNING: [Common 17-55] 'set_property' expects at least one object. [C:/Users/esthe/Sin_PWM_MiniZed/Sin_PWM_MiniZed.srcs/constrs_1/new/clock.xdc:95]
Resolution: If [get_<value>] was used to populate the object, check to make sure this command returns at least one valid object.
WARNING: [Vivado 12-584] No ports matched 'seg[2]'. [C:/Users/esthe/Sin_PWM_MiniZed/Sin_PWM_MiniZed.srcs/constrs_1/new/clock.xdc:96]
CRITICAL WARNING: [Common 17-55] 'set_property' expects at least one object. [C:/Users/esthe/Sin_PWM_MiniZed/Sin_PWM_MiniZed.srcs/constrs_1/new/clock.xdc:96]
Resolution: If [get_<value>] was used to populate the object, check to make sure this command returns at least one valid object.
WARNING: [Vivado 12-584] No ports matched 'seg[3]'. [C:/Users/esthe/Sin_PWM_MiniZed/Sin_PWM_MiniZed.srcs/constrs_1/new/clock.xdc:97]
CRITICAL WARNING: [Common 17-55] 'set_property' expects at least one object. [C:/Users/esthe/Sin_PWM_MiniZed/Sin_PWM_MiniZed.srcs/constrs_1/new/clock.xdc:97]
Resolution: If [get_<value>] was used to populate the object, check to make sure this command returns at least one valid object.
WARNING: [Vivado 12-584] No ports matched 'seg[3]'. [C:/Users/esthe/Sin_PWM_MiniZed/Sin_PWM_MiniZed.srcs/constrs_1/new/clock.xdc:98]
CRITICAL WARNING: [Common 17-55] 'set_property' expects at least one object. [C:/Users/esthe/Sin_PWM_MiniZed/Sin_PWM_MiniZed.srcs/constrs_1/new/clock.xdc:98]
Resolution: If [get_<value>] was used to populate the object, check to make sure this command returns at least one valid object.
WARNING: [Vivado 12-584] No ports matched 'seg[4]'. [C:/Users/esthe/Sin_PWM_MiniZed/Sin_PWM_MiniZed.srcs/constrs_1/new/clock.xdc:99]
CRITICAL WARNING: [Common 17-55] 'set_property' expects at least one object. [C:/Users/esthe/Sin_PWM_MiniZed/Sin_PWM_MiniZed.srcs/constrs_1/new/clock.xdc:99]
Resolution: If [get_<value>] was used to populate the object, check to make sure this command returns at least one valid object.
WARNING: [Vivado 12-584] No ports matched 'seg[4]'. [C:/Users/esthe/Sin_PWM_MiniZed/Sin_PWM_MiniZed.srcs/constrs_1/new/clock.xdc:100]
CRITICAL WARNING: [Common 17-55] 'set_property' expects at least one object. [C:/Users/esthe/Sin_PWM_MiniZed/Sin_PWM_MiniZed.srcs/constrs_1/new/clock.xdc:100]
Resolution: If [get_<value>] was used to populate the object, check to make sure this command returns at least one valid object.
WARNING: [Vivado 12-584] No ports matched 'seg[5]'. [C:/Users/esthe/Sin_PWM_MiniZed/Sin_PWM_MiniZed.srcs/constrs_1/new/clock.xdc:101]
CRITICAL WARNING: [Common 17-55] 'set_property' expects at least one object. [C:/Users/esthe/Sin_PWM_MiniZed/Sin_PWM_MiniZed.srcs/constrs_1/new/clock.xdc:101]
Resolution: If [get_<value>] was used to populate the object, check to make sure this command returns at least one valid object.
WARNING: [Vivado 12-584] No ports matched 'seg[5]'. [C:/Users/esthe/Sin_PWM_MiniZed/Sin_PWM_MiniZed.srcs/constrs_1/new/clock.xdc:102]
CRITICAL WARNING: [Common 17-55] 'set_property' expects at least one object. [C:/Users/esthe/Sin_PWM_MiniZed/Sin_PWM_MiniZed.srcs/constrs_1/new/clock.xdc:102]
Resolution: If [get_<value>] was used to populate the object, check to make sure this command returns at least one valid object.
WARNING: [Vivado 12-584] No ports matched 'seg[6]'. [C:/Users/esthe/Sin_PWM_MiniZed/Sin_PWM_MiniZed.srcs/constrs_1/new/clock.xdc:103]
CRITICAL WARNING: [Common 17-55] 'set_property' expects at least one object. [C:/Users/esthe/Sin_PWM_MiniZed/Sin_PWM_MiniZed.srcs/constrs_1/new/clock.xdc:103]
Resolution: If [get_<value>] was used to populate the object, check to make sure this command returns at least one valid object.
WARNING: [Vivado 12-584] No ports matched 'seg[6]'. [C:/Users/esthe/Sin_PWM_MiniZed/Sin_PWM_MiniZed.srcs/constrs_1/new/clock.xdc:104]
CRITICAL WARNING: [Common 17-55] 'set_property' expects at least one object. [C:/Users/esthe/Sin_PWM_MiniZed/Sin_PWM_MiniZed.srcs/constrs_1/new/clock.xdc:104]
Resolution: If [get_<value>] was used to populate the object, check to make sure this command returns at least one valid object.
WARNING: [Vivado 12-584] No ports matched 'dp'. [C:/Users/esthe/Sin_PWM_MiniZed/Sin_PWM_MiniZed.srcs/constrs_1/new/clock.xdc:106]
CRITICAL WARNING: [Common 17-55] 'set_property' expects at least one object. [C:/Users/esthe/Sin_PWM_MiniZed/Sin_PWM_MiniZed.srcs/constrs_1/new/clock.xdc:106]
Resolution: If [get_<value>] was used to populate the object, check to make sure this command returns at least one valid object.
WARNING: [Vivado 12-584] No ports matched 'dp'. [C:/Users/esthe/Sin_PWM_MiniZed/Sin_PWM_MiniZed.srcs/constrs_1/new/clock.xdc:107]
CRITICAL WARNING: [Common 17-55] 'set_property' expects at least one object. [C:/Users/esthe/Sin_PWM_MiniZed/Sin_PWM_MiniZed.srcs/constrs_1/new/clock.xdc:107]
Resolution: If [get_<value>] was used to populate the object, check to make sure this command returns at least one valid object.
WARNING: [Vivado 12-584] No ports matched 'an[0]'. [C:/Users/esthe/Sin_PWM_MiniZed/Sin_PWM_MiniZed.srcs/constrs_1/new/clock.xdc:109]
CRITICAL WARNING: [Common 17-55] 'set_property' expects at least one object. [C:/Users/esthe/Sin_PWM_MiniZed/Sin_PWM_MiniZed.srcs/constrs_1/new/clock.xdc:109]
Resolution: If [get_<value>] was used to populate the object, check to make sure this command returns at least one valid object.
WARNING: [Vivado 12-584] No ports matched 'an[0]'. [C:/Users/esthe/Sin_PWM_MiniZed/Sin_PWM_MiniZed.srcs/constrs_1/new/clock.xdc:110]
CRITICAL WARNING: [Common 17-55] 'set_property' expects at least one object. [C:/Users/esthe/Sin_PWM_MiniZed/Sin_PWM_MiniZed.srcs/constrs_1/new/clock.xdc:110]
Resolution: If [get_<value>] was used to populate the object, check to make sure this command returns at least one valid object.
WARNING: [Vivado 12-584] No ports matched 'an[1]'. [C:/Users/esthe/Sin_PWM_MiniZed/Sin_PWM_MiniZed.srcs/constrs_1/new/clock.xdc:111]
CRITICAL WARNING: [Common 17-55] 'set_property' expects at least one object. [C:/Users/esthe/Sin_PWM_MiniZed/Sin_PWM_MiniZed.srcs/constrs_1/new/clock.xdc:111]
Resolution: If [get_<value>] was used to populate the object, check to make sure this command returns at least one valid object.
WARNING: [Vivado 12-584] No ports matched 'an[1]'. [C:/Users/esthe/Sin_PWM_MiniZed/Sin_PWM_MiniZed.srcs/constrs_1/new/clock.xdc:112]
CRITICAL WARNING: [Common 17-55] 'set_property' expects at least one object. [C:/Users/esthe/Sin_PWM_MiniZed/Sin_PWM_MiniZed.srcs/constrs_1/new/clock.xdc:112]
Resolution: If [get_<value>] was used to populate the object, check to make sure this command returns at least one valid object.
WARNING: [Vivado 12-584] No ports matched 'an[2]'. [C:/Users/esthe/Sin_PWM_MiniZed/Sin_PWM_MiniZed.srcs/constrs_1/new/clock.xdc:113]
CRITICAL WARNING: [Common 17-55] 'set_property' expects at least one object. [C:/Users/esthe/Sin_PWM_MiniZed/Sin_PWM_MiniZed.srcs/constrs_1/new/clock.xdc:113]
Resolution: If [get_<value>] was used to populate the object, check to make sure this command returns at least one valid object.
WARNING: [Vivado 12-584] No ports matched 'an[2]'. [C:/Users/esthe/Sin_PWM_MiniZed/Sin_PWM_MiniZed.srcs/constrs_1/new/clock.xdc:114]
CRITICAL WARNING: [Common 17-55] 'set_property' expects at least one object. [C:/Users/esthe/Sin_PWM_MiniZed/Sin_PWM_MiniZed.srcs/constrs_1/new/clock.xdc:114]
Resolution: If [get_<value>] was used to populate the object, check to make sure this command returns at least one valid object.
WARNING: [Vivado 12-584] No ports matched 'an[3]'. [C:/Users/esthe/Sin_PWM_MiniZed/Sin_PWM_MiniZed.srcs/constrs_1/new/clock.xdc:115]
CRITICAL WARNING: [Common 17-55] 'set_property' expects at least one object. [C:/Users/esthe/Sin_PWM_MiniZed/Sin_PWM_MiniZed.srcs/constrs_1/new/clock.xdc:115]
Resolution: If [get_<value>] was used to populate the object, check to make sure this command returns at least one valid object.
WARNING: [Vivado 12-584] No ports matched 'an[3]'. [C:/Users/esthe/Sin_PWM_MiniZed/Sin_PWM_MiniZed.srcs/constrs_1/new/clock.xdc:116]
CRITICAL WARNING: [Common 17-55] 'set_property' expects at least one object. [C:/Users/esthe/Sin_PWM_MiniZed/Sin_PWM_MiniZed.srcs/constrs_1/new/clock.xdc:116]
Resolution: If [get_<value>] was used to populate the object, check to make sure this command returns at least one valid object.
WARNING: [Vivado 12-584] No ports matched 'btnC'. [C:/Users/esthe/Sin_PWM_MiniZed/Sin_PWM_MiniZed.srcs/constrs_1/new/clock.xdc:120]
CRITICAL WARNING: [Common 17-55] 'set_property' expects at least one object. [C:/Users/esthe/Sin_PWM_MiniZed/Sin_PWM_MiniZed.srcs/constrs_1/new/clock.xdc:120]
Resolution: If [get_<value>] was used to populate the object, check to make sure this command returns at least one valid object.
WARNING: [Vivado 12-584] No ports matched 'btnC'. [C:/Users/esthe/Sin_PWM_MiniZed/Sin_PWM_MiniZed.srcs/constrs_1/new/clock.xdc:121]
CRITICAL WARNING: [Common 17-55] 'set_property' expects at least one object. [C:/Users/esthe/Sin_PWM_MiniZed/Sin_PWM_MiniZed.srcs/constrs_1/new/clock.xdc:121]
Resolution: If [get_<value>] was used to populate the object, check to make sure this command returns at least one valid object.
WARNING: [Vivado 12-584] No ports matched 'btnU'. [C:/Users/esthe/Sin_PWM_MiniZed/Sin_PWM_MiniZed.srcs/constrs_1/new/clock.xdc:122]
CRITICAL WARNING: [Common 17-55] 'set_property' expects at least one object. [C:/Users/esthe/Sin_PWM_MiniZed/Sin_PWM_MiniZed.srcs/constrs_1/new/clock.xdc:122]
Resolution: If [get_<value>] was used to populate the object, check to make sure this command returns at least one valid object.
WARNING: [Vivado 12-584] No ports matched 'btnU'. [C:/Users/esthe/Sin_PWM_MiniZed/Sin_PWM_MiniZed.srcs/constrs_1/new/clock.xdc:123]
CRITICAL WARNING: [Common 17-55] 'set_property' expects at least one object. [C:/Users/esthe/Sin_PWM_MiniZed/Sin_PWM_MiniZed.srcs/constrs_1/new/clock.xdc:123]
Resolution: If [get_<value>] was used to populate the object, check to make sure this command returns at least one valid object.
WARNING: [Vivado 12-584] No ports matched 'btnL'. [C:/Users/esthe/Sin_PWM_MiniZed/Sin_PWM_MiniZed.srcs/constrs_1/new/clock.xdc:124]
CRITICAL WARNING: [Common 17-55] 'set_property' expects at least one object. [C:/Users/esthe/Sin_PWM_MiniZed/Sin_PWM_MiniZed.srcs/constrs_1/new/clock.xdc:124]
Resolution: If [get_<value>] was used to populate the object, check to make sure this command returns at least one valid object.
WARNING: [Vivado 12-584] No ports matched 'btnL'. [C:/Users/esthe/Sin_PWM_MiniZed/Sin_PWM_MiniZed.srcs/constrs_1/new/clock.xdc:125]
CRITICAL WARNING: [Common 17-55] 'set_property' expects at least one object. [C:/Users/esthe/Sin_PWM_MiniZed/Sin_PWM_MiniZed.srcs/constrs_1/new/clock.xdc:125]
Resolution: If [get_<value>] was used to populate the object, check to make sure this command returns at least one valid object.
WARNING: [Vivado 12-584] No ports matched 'btnR'. [C:/Users/esthe/Sin_PWM_MiniZed/Sin_PWM_MiniZed.srcs/constrs_1/new/clock.xdc:126]
CRITICAL WARNING: [Common 17-55] 'set_property' expects at least one object. [C:/Users/esthe/Sin_PWM_MiniZed/Sin_PWM_MiniZed.srcs/constrs_1/new/clock.xdc:126]
Resolution: If [get_<value>] was used to populate the object, check to make sure this command returns at least one valid object.
WARNING: [Vivado 12-584] No ports matched 'btnR'. [C:/Users/esthe/Sin_PWM_MiniZed/Sin_PWM_MiniZed.srcs/constrs_1/new/clock.xdc:127]
CRITICAL WARNING: [Common 17-55] 'set_property' expects at least one object. [C:/Users/esthe/Sin_PWM_MiniZed/Sin_PWM_MiniZed.srcs/constrs_1/new/clock.xdc:127]
Resolution: If [get_<value>] was used to populate the object, check to make sure this command returns at least one valid object.
WARNING: [Vivado 12-584] No ports matched 'btnD'. [C:/Users/esthe/Sin_PWM_MiniZed/Sin_PWM_MiniZed.srcs/constrs_1/new/clock.xdc:128]
CRITICAL WARNING: [Common 17-55] 'set_property' expects at least one object. [C:/Users/esthe/Sin_PWM_MiniZed/Sin_PWM_MiniZed.srcs/constrs_1/new/clock.xdc:128]
Resolution: If [get_<value>] was used to populate the object, check to make sure this command returns at least one valid object.
WARNING: [Vivado 12-584] No ports matched 'btnD'. [C:/Users/esthe/Sin_PWM_MiniZed/Sin_PWM_MiniZed.srcs/constrs_1/new/clock.xdc:129]
CRITICAL WARNING: [Common 17-55] 'set_property' expects at least one object. [C:/Users/esthe/Sin_PWM_MiniZed/Sin_PWM_MiniZed.srcs/constrs_1/new/clock.xdc:129]
Resolution: If [get_<value>] was used to populate the object, check to make sure this command returns at least one valid object.
WARNING: [Vivado 12-584] No ports matched 'JA1_J1'. [C:/Users/esthe/Sin_PWM_MiniZed/Sin_PWM_MiniZed.srcs/constrs_1/new/clock.xdc:135]
CRITICAL WARNING: [Common 17-55] 'set_property' expects at least one object. [C:/Users/esthe/Sin_PWM_MiniZed/Sin_PWM_MiniZed.srcs/constrs_1/new/clock.xdc:135]
Resolution: If [get_<value>] was used to populate the object, check to make sure this command returns at least one valid object.
WARNING: [Vivado 12-584] No ports matched 'JA1_J1'. [C:/Users/esthe/Sin_PWM_MiniZed/Sin_PWM_MiniZed.srcs/constrs_1/new/clock.xdc:136]
CRITICAL WARNING: [Common 17-55] 'set_property' expects at least one object. [C:/Users/esthe/Sin_PWM_MiniZed/Sin_PWM_MiniZed.srcs/constrs_1/new/clock.xdc:136]
Resolution: If [get_<value>] was used to populate the object, check to make sure this command returns at least one valid object.
Finished Parsing XDC File [C:/Users/esthe/Sin_PWM_MiniZed/Sin_PWM_MiniZed.srcs/constrs_1/new/clock.xdc]
INFO: [Project 1-236] Implementation specific constraints were found while reading constraint file [C:/Users/esthe/Sin_PWM_MiniZed/Sin_PWM_MiniZed.srcs/constrs_1/new/clock.xdc]. These constraints will be ignored for synthesis but will be used in implementation. Impacted constraints are listed in the file [.Xil/PWM_propImpl.xdc].
Resolution: To avoid this warning, move constraints listed in [.Xil/PWM_propImpl.xdc] to another XDC file and exclude this new file from synthesis with the used_in_synthesis property (File Properties dialog in GUI) and re-run elaboration/synthesis.
Completed Processing XDC Constraints

Netlist sorting complete. Time (s): cpu = 00:00:00 ; elapsed = 00:00:00 . Memory (MB): peak = 1297.137 ; gain = 0.000
INFO: [Project 1-111] Unisim Transformation Summary:
No Unisim elements were transformed.

Constraint Validation Runtime : Time (s): cpu = 00:00:00 ; elapsed = 00:00:00.002 . Memory (MB): peak = 1297.137 ; gain = 0.000
---------------------------------------------------------------------------------
Finished Constraint Validation : Time (s): cpu = 00:00:08 ; elapsed = 00:00:08 . Memory (MB): peak = 1297.137 ; gain = 152.664
---------------------------------------------------------------------------------
---------------------------------------------------------------------------------
Start Loading Part and Timing Information
---------------------------------------------------------------------------------
Loading part: xc7a35tcpg236-2
---------------------------------------------------------------------------------
Finished Loading Part and Timing Information : Time (s): cpu = 00:00:08 ; elapsed = 00:00:08 . Memory (MB): peak = 1297.137 ; gain = 152.664
---------------------------------------------------------------------------------
---------------------------------------------------------------------------------
Start Applying 'set_property' XDC Constraints
---------------------------------------------------------------------------------
---------------------------------------------------------------------------------
Finished applying 'set_property' XDC Constraints : Time (s): cpu = 00:00:08 ; elapsed = 00:00:08 . Memory (MB): peak = 1297.137 ; gain = 152.664
---------------------------------------------------------------------------------
---------------------------------------------------------------------------------
Finished RTL Optimization Phase 2 : Time (s): cpu = 00:00:08 ; elapsed = 00:00:08 . Memory (MB): peak = 1297.137 ; gain = 152.664
---------------------------------------------------------------------------------
---------------------------------------------------------------------------------
Start RTL Component Statistics 
---------------------------------------------------------------------------------
Detailed RTL Component Info : 
+---Adders : 
	   2 Input   32 Bit       Adders := 2     
+---Registers : 
	               32 Bit    Registers := 1     
	                2 Bit    Registers := 1     
	                1 Bit    Registers := 1     
+---Multipliers : 
	               7x32  Multipliers := 1     
+---Muxes : 
	 323 Input   32 Bit        Muxes := 1     
	   2 Input   32 Bit        Muxes := 1     
---------------------------------------------------------------------------------
Finished RTL Component Statistics 
---------------------------------------------------------------------------------
---------------------------------------------------------------------------------
Start Part Resource Summary
---------------------------------------------------------------------------------
Part Resources:
DSPs: 90 (col length:60)
BRAMs: 100 (col length: RAMB18 60 RAMB36 30)
---------------------------------------------------------------------------------
Finished Part Resource Summary
---------------------------------------------------------------------------------
---------------------------------------------------------------------------------
Start Cross Boundary and Area Optimization
---------------------------------------------------------------------------------
DSP Report: Generating DSP out3, operation Mode is: A*(B:0x64).
DSP Report: operator out3 is absorbed into DSP out3.
---------------------------------------------------------------------------------
Finished Cross Boundary and Area Optimization : Time (s): cpu = 00:00:10 ; elapsed = 00:00:11 . Memory (MB): peak = 1297.137 ; gain = 152.664
---------------------------------------------------------------------------------
---------------------------------------------------------------------------------
Start ROM, RAM, DSP, Shift Register and Retiming Reporting
---------------------------------------------------------------------------------

DSP: Preliminary Mapping	Report (see note below)
+------------+-------------+--------+--------+--------+--------+--------+------+------+------+------+-------+------+------+
|Module Name | DSP Mapping | A Size | B Size | C Size | D Size | P Size | AREG | BREG | CREG | DREG | ADREG | MREG | PREG | 
+------------+-------------+--------+--------+--------+--------+--------+------+------+------+------+-------+------+------+
|PWM         | A*(B:0x64)  | 10     | 7      | -      | -      | 17     | 0    | 0    | -    | -    | -     | 0    | 0    | 
+------------+-------------+--------+--------+--------+--------+--------+------+------+------+------+-------+------+------+

Note: The table above is a preliminary report that shows the DSPs inferred at the current stage of the synthesis flow. Some DSP may be reimplemented as non DSP primitives later in the synthesis flow. Multiple instantiated DSPs are reported only once.
---------------------------------------------------------------------------------
Finished ROM, RAM, DSP, Shift Register and Retiming Reporting
---------------------------------------------------------------------------------
---------------------------------------------------------------------------------
Start Applying XDC Timing Constraints
---------------------------------------------------------------------------------
---------------------------------------------------------------------------------
Finished Applying XDC Timing Constraints : Time (s): cpu = 00:00:17 ; elapsed = 00:00:17 . Memory (MB): peak = 1336.504 ; gain = 192.031
---------------------------------------------------------------------------------
---------------------------------------------------------------------------------
Start Timing Optimization
---------------------------------------------------------------------------------
---------------------------------------------------------------------------------
Finished Timing Optimization : Time (s): cpu = 00:00:17 ; elapsed = 00:00:18 . Memory (MB): peak = 1358.703 ; gain = 214.230
---------------------------------------------------------------------------------
---------------------------------------------------------------------------------
Start Technology Mapping
---------------------------------------------------------------------------------
---------------------------------------------------------------------------------
Finished Technology Mapping : Time (s): cpu = 00:00:17 ; elapsed = 00:00:18 . Memory (MB): peak = 1361.340 ; gain = 216.867
---------------------------------------------------------------------------------
---------------------------------------------------------------------------------
Start IO Insertion
---------------------------------------------------------------------------------
---------------------------------------------------------------------------------
Start Flattening Before IO Insertion
---------------------------------------------------------------------------------
---------------------------------------------------------------------------------
Finished Flattening Before IO Insertion
---------------------------------------------------------------------------------
---------------------------------------------------------------------------------
Start Final Netlist Cleanup
---------------------------------------------------------------------------------
---------------------------------------------------------------------------------
Finished Final Netlist Cleanup
---------------------------------------------------------------------------------
---------------------------------------------------------------------------------
Finished IO Insertion : Time (s): cpu = 00:00:20 ; elapsed = 00:00:20 . Memory (MB): peak = 1368.105 ; gain = 223.633
---------------------------------------------------------------------------------
---------------------------------------------------------------------------------
Start Renaming Generated Instances
---------------------------------------------------------------------------------
---------------------------------------------------------------------------------
Finished Renaming Generated Instances : Time (s): cpu = 00:00:20 ; elapsed = 00:00:20 . Memory (MB): peak = 1368.105 ; gain = 223.633
---------------------------------------------------------------------------------
---------------------------------------------------------------------------------
Start Rebuilding User Hierarchy
---------------------------------------------------------------------------------
---------------------------------------------------------------------------------
Finished Rebuilding User Hierarchy : Time (s): cpu = 00:00:20 ; elapsed = 00:00:20 . Memory (MB): peak = 1368.105 ; gain = 223.633
---------------------------------------------------------------------------------
---------------------------------------------------------------------------------
Start Renaming Generated Ports
---------------------------------------------------------------------------------
---------------------------------------------------------------------------------
Finished Renaming Generated Ports : Time (s): cpu = 00:00:20 ; elapsed = 00:00:20 . Memory (MB): peak = 1368.105 ; gain = 223.633
---------------------------------------------------------------------------------
---------------------------------------------------------------------------------
Start Handling Custom Attributes
---------------------------------------------------------------------------------
---------------------------------------------------------------------------------
Finished Handling Custom Attributes : Time (s): cpu = 00:00:20 ; elapsed = 00:00:20 . Memory (MB): peak = 1368.105 ; gain = 223.633
---------------------------------------------------------------------------------
---------------------------------------------------------------------------------
Start Renaming Generated Nets
---------------------------------------------------------------------------------
---------------------------------------------------------------------------------
Finished Renaming Generated Nets : Time (s): cpu = 00:00:20 ; elapsed = 00:00:20 . Memory (MB): peak = 1368.105 ; gain = 223.633
---------------------------------------------------------------------------------
---------------------------------------------------------------------------------
Start Writing Synthesis Report
---------------------------------------------------------------------------------

Report BlackBoxes: 
+-+--------------+----------+
| |BlackBox name |Instances |
+-+--------------+----------+
+-+--------------+----------+

Report Cell Usage: 
+------+--------+------+
|      |Cell    |Count |
+------+--------+------+
|1     |BUFG    |     1|
|2     |CARRY4  |    33|
|3     |DSP48E1 |     1|
|4     |LUT1    |     6|
|5     |LUT2    |    49|
|6     |LUT3    |    26|
|7     |LUT4    |    42|
|8     |LUT5    |    42|
|9     |LUT6    |    95|
|10    |MUXF7   |    20|
|11    |FDRE    |    31|
|12    |IBUF    |     1|
|13    |OBUF    |     1|
+------+--------+------+
---------------------------------------------------------------------------------
Finished Writing Synthesis Report : Time (s): cpu = 00:00:20 ; elapsed = 00:00:20 . Memory (MB): peak = 1368.105 ; gain = 223.633
---------------------------------------------------------------------------------
Synthesis finished with 0 errors, 0 critical warnings and 0 warnings.
Synthesis Optimization Runtime : Time (s): cpu = 00:00:15 ; elapsed = 00:00:19 . Memory (MB): peak = 1368.105 ; gain = 126.102
Synthesis Optimization Complete : Time (s): cpu = 00:00:20 ; elapsed = 00:00:20 . Memory (MB): peak = 1368.105 ; gain = 223.633
INFO: [Project 1-571] Translating synthesized netlist
Netlist sorting complete. Time (s): cpu = 00:00:00 ; elapsed = 00:00:00.004 . Memory (MB): peak = 1380.176 ; gain = 0.000
INFO: [Netlist 29-17] Analyzing 54 Unisim elements for replacement
INFO: [Netlist 29-28] Unisim Transformation completed in 0 CPU seconds
INFO: [Project 1-570] Preparing netlist for logic optimization
INFO: [Opt 31-138] Pushed 0 inverter(s) to 0 load pin(s).
Netlist sorting complete. Time (s): cpu = 00:00:00 ; elapsed = 00:00:00 . Memory (MB): peak = 1380.176 ; gain = 0.000
INFO: [Project 1-111] Unisim Transformation Summary:
No Unisim elements were transformed.

INFO: [Common 17-83] Releasing license: Synthesis
23 Infos, 70 Warnings, 71 Critical Warnings and 0 Errors encountered.
synth_design completed successfully
synth_design: Time (s): cpu = 00:00:24 ; elapsed = 00:00:33 . Memory (MB): peak = 1380.176 ; gain = 235.703
INFO: [runtcl-6] Synthesis results are not added to the cache due to CRITICAL_WARNING
INFO: [Common 17-1381] The checkpoint 'C:/Users/esthe/Sin_PWM_MiniZed/Sin_PWM_MiniZed.runs/synth_1/PWM.dcp' has been generated.
INFO: [runtcl-4] Executing : report_utilization -file PWM_utilization_synth.rpt -pb PWM_utilization_synth.pb
INFO: [Common 17-206] Exiting Vivado at Wed Nov  9 15:46:22 2022...
